Using pre-set license
Built from '2020.3/staging' branch; Version is '2020.3.6f1 (338bb68529b2) revision 3378102'; Using compiler version '192528614'; Build Type 'Release'
OS: 'Windows 10 Enterprise; OS build 19045.3324; Version 2009; 64bit' Language: 'ko' Physical Memory: 8005 MB
BatchMode: 1, IsHumanControllingUs: 0, StartBugReporterOnCrash: 0, Is64bit: 1, IsPro: 0

 COMMAND LINE ARGUMENTS:
D:\Unity\Editor\Unity.exe
-adb2
-batchMode
-noUpm
-name
AssetImportWorker0
-projectPath
D:/AstarAlgorithm/New Unity Project
-logFile
Logs/AssetImportWorker0.log
-srvPort
3189
Successfully changed project path to: D:/AstarAlgorithm/New Unity Project
D:/AstarAlgorithm/New Unity Project
Using Asset Import Pipeline V2.
Refreshing native plugins compatible for Editor in 61.85 ms, found 0 plugins.
Preloading 0 native plugins for Editor in 0.00 ms.
Initialize engine version: 2020.3.6f1 (338bb68529b2)
[Subsystems] Discovering subsystems at path D:/Unity/Editor/Data/Resources/UnitySubsystems
[Subsystems] Discovering subsystems at path D:/AstarAlgorithm/New Unity Project/Assets
GfxDevice: creating device client; threaded=0
Direct3D:
    Version:  Direct3D 11.0 [level 11.1]
    Renderer: Intel(R) UHD Graphics (ID=0x9b41)
    Vendor:   
    VRAM:     4002 MB
    Driver:   26.20.100.7870
Initialize mono
Mono path[0] = 'D:/Unity/Editor/Data/Managed'
Mono path[1] = 'D:/Unity/Editor/Data/MonoBleedingEdge/lib/mono/unityjit'
Mono config path = 'D:/Unity/Editor/Data/MonoBleedingEdge/etc'
Using monoOptions --debugger-agent=transport=dt_socket,embedding=1,server=y,suspend=n,address=127.0.0.1:56632
Begin MonoManager ReloadAssembly
Registering precompiled unity dll's ...
Register platform support module: D:/Unity/Editor/Data/PlaybackEngines/WindowsStandaloneSupport/UnityEditor.WindowsStandalone.Extensions.dll
Registered in 0.003469 seconds.
Native extension for WindowsStandalone target not found
Refreshing native plugins compatible for Editor in 55.32 ms, found 0 plugins.
Preloading 0 native plugins for Editor in 0.00 ms.
Mono: successfully reloaded assembly
- Completed reload, in  2.611 seconds
Platform modules already initialized, skipping
Registering precompiled user dll's ...
Registered in 0.002696 seconds.
Begin MonoManager ReloadAssembly
Native extension for WindowsStandalone target not found
Refreshing native plugins compatible for Editor in 0.28 ms, found 0 plugins.
Preloading 0 native plugins for Editor in 0.00 ms.
Mono: successfully reloaded assembly
- Completed reload, in  1.865 seconds
Platform modules already initialized, skipping
========================================================================
Worker process is ready to serve import requests
Launched and connected shader compiler UnityShaderCompiler.exe after 0.09 seconds
Refreshing native plugins compatible for Editor in 0.25 ms, found 0 plugins.
Preloading 0 native plugins for Editor in 0.00 ms.
Unloading 1115 Unused Serialized files (Serialized files now loaded: 0)
System memory in use before: 57.1 MB.
System memory in use after: 57.2 MB.

Unloading 10 unused Assets to reduce memory usage. Loaded Objects now: 1557.
Total: 2.723500 ms (FindLiveObjects: 0.211800 ms CreateObjectMapping: 0.062300 ms MarkObjects: 2.345600 ms  DeleteObjects: 0.101900 ms)

========================================================================
Received Import Request.
  path: Assets/New Material.mat
  artifactKey: Guid(20426aac1f293884f94a69d7dc77cbd0) Importer(815301076,1909f56bfc062723c751e8b465ee728b)
Start importing Assets/New Material.mat using Guid(20426aac1f293884f94a69d7dc77cbd0) Importer(815301076,1909f56bfc062723c751e8b465ee728b)  -> (artifact id: 'daf048654d6952df8989dc36bab4d9f7') in 0.327656 seconds
  Import took 0.333955 seconds .

========================================================================
Received Import Request.
  Time since last request: 34.615750 seconds.
  path: Assets
  artifactKey: Guid(00000000000000001000000000000000) Importer(815301076,1909f56bfc062723c751e8b465ee728b)
Start importing Assets using Guid(00000000000000001000000000000000) Importer(815301076,1909f56bfc062723c751e8b465ee728b)  -> (artifact id: '2c602d4445bd9e0e517b9a7c882a2249') in 0.022883 seconds
  Import took 0.028200 seconds .

========================================================================
Received Import Request.
  Time since last request: 8.866418 seconds.
  path: Assets/Agrid.cs
  artifactKey: Guid(849bc57f9713f0243b71555b520c66ea) Importer(815301076,1909f56bfc062723c751e8b465ee728b)
Start importing Assets/Agrid.cs using Guid(849bc57f9713f0243b71555b520c66ea) Importer(815301076,1909f56bfc062723c751e8b465ee728b)  -> (artifact id: '9c18aeb25bb4bdbe69a65135e8518f30') in 0.045014 seconds
  Import took 0.048830 seconds .

========================================================================
Received Prepare
Registering precompiled user dll's ...
Registered in 0.000945 seconds.
Begin MonoManager ReloadAssembly
Native extension for WindowsStandalone target not found
Refreshing native plugins compatible for Editor in 0.47 ms, found 0 plugins.
Preloading 0 native plugins for Editor in 0.00 ms.
Mono: successfully reloaded assembly
- Completed reload, in  1.501 seconds
Platform modules already initialized, skipping
Refreshing native plugins compatible for Editor in 0.64 ms, found 0 plugins.
Preloading 0 native plugins for Editor in 0.00 ms.
Unloading 1111 Unused Serialized files (Serialized files now loaded: 0)
System memory in use before: 60.4 MB.
System memory in use after: 60.5 MB.

Unloading 5 unused Assets to reduce memory usage. Loaded Objects now: 1601.
Total: 3.898300 ms (FindLiveObjects: 0.334600 ms CreateObjectMapping: 0.126200 ms MarkObjects: 3.323200 ms  DeleteObjects: 0.110600 ms)

========================================================================
Received Import Request.
  Time since last request: 7.860054 seconds.
  path: Assets/Gird.cs
  artifactKey: Guid(325d62566595ad644b67450d138ebc43) Importer(815301076,1909f56bfc062723c751e8b465ee728b)
Start importing Assets/Gird.cs using Guid(325d62566595ad644b67450d138ebc43) Importer(815301076,1909f56bfc062723c751e8b465ee728b)  -> (artifact id: '3c3458092c4d719932d5fa14848b37fd') in 0.004942 seconds
  Import took 0.024209 seconds .

========================================================================
Received Prepare
Registering precompiled user dll's ...
Registered in 0.000739 seconds.
Begin MonoManager ReloadAssembly
Native extension for WindowsStandalone target not found
Refreshing native plugins compatible for Editor in 0.40 ms, found 0 plugins.
Preloading 0 native plugins for Editor in 0.00 ms.
Mono: successfully reloaded assembly
- Completed reload, in  1.462 seconds
Platform modules already initialized, skipping
Refreshing native plugins compatible for Editor in 0.41 ms, found 0 plugins.
Preloading 0 native plugins for Editor in 0.00 ms.
Unloading 1112 Unused Serialized files (Serialized files now loaded: 0)
System memory in use before: 60.4 MB.
System memory in use after: 60.5 MB.

Unloading 5 unused Assets to reduce memory usage. Loaded Objects now: 1605.
Total: 2.600400 ms (FindLiveObjects: 0.301800 ms CreateObjectMapping: 0.051800 ms MarkObjects: 2.094800 ms  DeleteObjects: 0.147700 ms)

========================================================================
Received Import Request.
  Time since last request: 5.378631 seconds.
  path: Assets/Node.cs
  artifactKey: Guid(325d62566595ad644b67450d138ebc43) Importer(815301076,1909f56bfc062723c751e8b465ee728b)
Start importing Assets/Node.cs using Guid(325d62566595ad644b67450d138ebc43) Importer(815301076,1909f56bfc062723c751e8b465ee728b)  -> (artifact id: 'f4fe9c074b36c5739047e74d79762450') in 0.006432 seconds
  Import took 0.009325 seconds .

========================================================================
Received Prepare
Registering precompiled user dll's ...
Registered in 0.000873 seconds.
Begin MonoManager ReloadAssembly
Native extension for WindowsStandalone target not found
Refreshing native plugins compatible for Editor in 0.42 ms, found 0 plugins.
Preloading 0 native plugins for Editor in 0.00 ms.
Mono: successfully reloaded assembly
- Completed reload, in  1.341 seconds
Platform modules already initialized, skipping
Refreshing native plugins compatible for Editor in 0.39 ms, found 0 plugins.
Preloading 0 native plugins for Editor in 0.00 ms.
Unloading 1112 Unused Serialized files (Serialized files now loaded: 0)
System memory in use before: 60.5 MB.
System memory in use after: 60.5 MB.

Unloading 5 unused Assets to reduce memory usage. Loaded Objects now: 1608.
Total: 3.234700 ms (FindLiveObjects: 0.297600 ms CreateObjectMapping: 0.070600 ms MarkObjects: 2.753600 ms  DeleteObjects: 0.108900 ms)

========================================================================
Received Prepare
Registering precompiled user dll's ...
Registered in 0.001405 seconds.
Begin MonoManager ReloadAssembly
Native extension for WindowsStandalone target not found
Refreshing native plugins compatible for Editor in 0.28 ms, found 0 plugins.
Preloading 0 native plugins for Editor in 0.00 ms.
Mono: successfully reloaded assembly
- Completed reload, in  1.882 seconds
Platform modules already initialized, skipping
Refreshing native plugins compatible for Editor in 0.44 ms, found 0 plugins.
Preloading 0 native plugins for Editor in 0.00 ms.
Unloading 1112 Unused Serialized files (Serialized files now loaded: 0)
System memory in use before: 60.5 MB.
System memory in use after: 60.5 MB.

Unloading 5 unused Assets to reduce memory usage. Loaded Objects now: 1611.
Total: 2.523300 ms (FindLiveObjects: 0.226700 ms CreateObjectMapping: 0.056200 ms MarkObjects: 2.172700 ms  DeleteObjects: 0.065800 ms)

========================================================================
Received Import Request.
  Time since last request: 50.668557 seconds.
  path: Assets/Node.cs
  artifactKey: Guid(325d62566595ad644b67450d138ebc43) Importer(815301076,1909f56bfc062723c751e8b465ee728b)
Start importing Assets/Node.cs using Guid(325d62566595ad644b67450d138ebc43) Importer(815301076,1909f56bfc062723c751e8b465ee728b)  -> (artifact id: '8e63094e659bc21362414e47c7d044ef') in 0.008392 seconds
  Import took 0.012169 seconds .

========================================================================
Received Prepare
Registering precompiled user dll's ...
Registered in 0.000847 seconds.
Begin MonoManager ReloadAssembly
Native extension for WindowsStandalone target not found
Refreshing native plugins compatible for Editor in 0.64 ms, found 0 plugins.
Preloading 0 native plugins for Editor in 0.00 ms.
Mono: successfully reloaded assembly
- Completed reload, in  1.515 seconds
Platform modules already initialized, skipping
Refreshing native plugins compatible for Editor in 0.21 ms, found 0 plugins.
Preloading 0 native plugins for Editor in 0.00 ms.
Unloading 1112 Unused Serialized files (Serialized files now loaded: 0)
System memory in use before: 60.5 MB.
System memory in use after: 60.5 MB.

Unloading 5 unused Assets to reduce memory usage. Loaded Objects now: 1614.
Total: 4.283500 ms (FindLiveObjects: 0.437800 ms CreateObjectMapping: 0.120900 ms MarkObjects: 3.607200 ms  DeleteObjects: 0.114100 ms)

========================================================================
Received Import Request.
  Time since last request: 24.693417 seconds.
  path: Assets/Agrid.cs
  artifactKey: Guid(849bc57f9713f0243b71555b520c66ea) Importer(815301076,1909f56bfc062723c751e8b465ee728b)
Start importing Assets/Agrid.cs using Guid(849bc57f9713f0243b71555b520c66ea) Importer(815301076,1909f56bfc062723c751e8b465ee728b)  -> (artifact id: '693244e7a98ab0aecbc06961c33e8513') in 0.016743 seconds
  Import took 0.027777 seconds .

========================================================================
Received Import Request.
  Time since last request: 0.072984 seconds.
  path: Assets/Agrid.cs
  artifactKey: Guid(849bc57f9713f0243b71555b520c66ea) Importer(815301076,1909f56bfc062723c751e8b465ee728b)
Start importing Assets/Agrid.cs using Guid(849bc57f9713f0243b71555b520c66ea) Importer(815301076,1909f56bfc062723c751e8b465ee728b)  -> (artifact id: '693244e7a98ab0aecbc06961c33e8513') in 0.004849 seconds
  Import took 0.009007 seconds .

========================================================================
Received Import Request.
  Time since last request: 15.932845 seconds.
  path: Assets/New Material 1.mat
  artifactKey: Guid(c72f7111a9e941b439b0cfcb31fd74d8) Importer(815301076,1909f56bfc062723c751e8b465ee728b)
Start importing Assets/New Material 1.mat using Guid(c72f7111a9e941b439b0cfcb31fd74d8) Importer(815301076,1909f56bfc062723c751e8b465ee728b)  -> (artifact id: '40c0a5209eb62738623088f7fb9c4c6b') in 0.120825 seconds
  Import took 0.126542 seconds .

========================================================================
Received Import Request.
  Time since last request: 18.132468 seconds.
  path: ProjectSettings/TagManager.asset
  artifactKey: Guid(00000000000000003000000000000000) Importer(815301076,1909f56bfc062723c751e8b465ee728b)
Start importing ProjectSettings/TagManager.asset using Guid(00000000000000003000000000000000) Importer(815301076,1909f56bfc062723c751e8b465ee728b)  -> (artifact id: '7960a73919d8baa12bca0e2fc225c862') in 0.027417 seconds
  Import took 0.031795 seconds .

========================================================================
Received Prepare
Registering precompiled user dll's ...
Registered in 0.003759 seconds.
Begin MonoManager ReloadAssembly
Native extension for WindowsStandalone target not found
Refreshing native plugins compatible for Editor in 0.54 ms, found 0 plugins.
Preloading 0 native plugins for Editor in 0.00 ms.
Mono: successfully reloaded assembly
- Completed reload, in  1.952 seconds
Platform modules already initialized, skipping
Refreshing native plugins compatible for Editor in 0.41 ms, found 0 plugins.
Preloading 0 native plugins for Editor in 0.00 ms.
Unloading 1112 Unused Serialized files (Serialized files now loaded: 0)
System memory in use before: 60.5 MB.
System memory in use after: 60.6 MB.

Unloading 6 unused Assets to reduce memory usage. Loaded Objects now: 1618.
Total: 2.414000 ms (FindLiveObjects: 0.309800 ms CreateObjectMapping: 0.049700 ms MarkObjects: 1.911700 ms  DeleteObjects: 0.140600 ms)

========================================================================
Received Import Request.
  Time since last request: 185.799095 seconds.
  path: Assets/PathFinding.cs
  artifactKey: Guid(fa0e35e1c13b91844888aa28ad440e21) Importer(815301076,1909f56bfc062723c751e8b465ee728b)
Start importing Assets/PathFinding.cs using Guid(fa0e35e1c13b91844888aa28ad440e21) Importer(815301076,1909f56bfc062723c751e8b465ee728b)  -> (artifact id: 'e4303c1dae7ea4956892258b485f4567') in 0.011202 seconds
  Import took 0.016015 seconds .

========================================================================
Received Prepare
Registering precompiled user dll's ...
Registered in 0.001048 seconds.
Begin MonoManager ReloadAssembly
Native extension for WindowsStandalone target not found
Refreshing native plugins compatible for Editor in 0.21 ms, found 0 plugins.
Preloading 0 native plugins for Editor in 0.00 ms.
Mono: successfully reloaded assembly
- Completed reload, in  1.559 seconds
Platform modules already initialized, skipping
Refreshing native plugins compatible for Editor in 0.42 ms, found 0 plugins.
Preloading 0 native plugins for Editor in 0.00 ms.
Unloading 1113 Unused Serialized files (Serialized files now loaded: 0)
System memory in use before: 60.5 MB.
System memory in use after: 60.6 MB.

Unloading 5 unused Assets to reduce memory usage. Loaded Objects now: 1622.
Total: 2.769300 ms (FindLiveObjects: 0.213400 ms CreateObjectMapping: 0.061400 ms MarkObjects: 2.399600 ms  DeleteObjects: 0.092200 ms)

========================================================================
Received Import Request.
  Time since last request: 2447.972272 seconds.
  path: Assets/Scripts
  artifactKey: Guid(99f2c03167fd4944eb7e9e1b0892e255) Importer(815301076,1909f56bfc062723c751e8b465ee728b)
Start importing Assets/Scripts using Guid(99f2c03167fd4944eb7e9e1b0892e255) Importer(815301076,1909f56bfc062723c751e8b465ee728b)  -> (artifact id: '94f33695dbf0442788ff9c68b30e5a2e') in 0.017601 seconds
  Import took 0.023943 seconds .

========================================================================
Received Import Request.
  Time since last request: 3.777316 seconds.
  path: Assets/New Material 1.mat
  artifactKey: Guid(c72f7111a9e941b439b0cfcb31fd74d8) Importer(815301076,1909f56bfc062723c751e8b465ee728b)
Start importing Assets/New Material 1.mat using Guid(c72f7111a9e941b439b0cfcb31fd74d8) Importer(815301076,1909f56bfc062723c751e8b465ee728b)  -> (artifact id: '9cd5a706a498241b6f8697bb84320cd7') in 0.126096 seconds
  Import took 0.129092 seconds .

========================================================================
Received Import Request.
  Time since last request: 0.000281 seconds.
  path: Assets/New Material.mat
  artifactKey: Guid(20426aac1f293884f94a69d7dc77cbd0) Importer(815301076,1909f56bfc062723c751e8b465ee728b)
Start importing Assets/New Material.mat using Guid(20426aac1f293884f94a69d7dc77cbd0) Importer(815301076,1909f56bfc062723c751e8b465ee728b)  -> (artifact id: '5b36c4cef02ed3f8d787c24791bfe9c8') in 0.018722 seconds
  Import took 0.023024 seconds .

========================================================================
Received Import Request.
  Time since last request: 7.541160 seconds.
  path: Assets/Agrid1.cs
  artifactKey: Guid(e850bf6b09d8f6a44b9de4409fe01b5d) Importer(815301076,1909f56bfc062723c751e8b465ee728b)
Start importing Assets/Agrid1.cs using Guid(e850bf6b09d8f6a44b9de4409fe01b5d) Importer(815301076,1909f56bfc062723c751e8b465ee728b)  -> (artifact id: '78cb873680adc1532b593840cda93201') in 0.005129 seconds
  Import took 0.008359 seconds .

========================================================================
Received Import Request.
  Time since last request: 0.001358 seconds.
  path: Assets/Agrid1.cs
  artifactKey: Guid(e850bf6b09d8f6a44b9de4409fe01b5d) Importer(815301076,1909f56bfc062723c751e8b465ee728b)
Start importing Assets/Agrid1.cs using Guid(e850bf6b09d8f6a44b9de4409fe01b5d) Importer(815301076,1909f56bfc062723c751e8b465ee728b)  -> (artifact id: '78cb873680adc1532b593840cda93201') in 0.005126 seconds
  Import took 0.009600 seconds .

========================================================================
Received Import Request.
  Time since last request: 7.379484 seconds.
  path: Assets/Node1.cs
  artifactKey: Guid(c452ae4c55f411c4d8d5c00cac8d3fbe) Importer(815301076,1909f56bfc062723c751e8b465ee728b)
Start importing Assets/Node1.cs using Guid(c452ae4c55f411c4d8d5c00cac8d3fbe) Importer(815301076,1909f56bfc062723c751e8b465ee728b)  -> (artifact id: '2fffeb92fb652f94de62cff001e4ff4d') in 0.005743 seconds
  Import took 0.011969 seconds .

========================================================================
Received Prepare
Registering precompiled user dll's ...
Registered in 0.000715 seconds.
Begin MonoManager ReloadAssembly
Native extension for WindowsStandalone target not found
Refreshing native plugins compatible for Editor in 0.48 ms, found 0 plugins.
Preloading 0 native plugins for Editor in 0.00 ms.
Mono: successfully reloaded assembly
- Completed reload, in  1.528 seconds
Platform modules already initialized, skipping
Refreshing native plugins compatible for Editor in 0.20 ms, found 0 plugins.
Preloading 0 native plugins for Editor in 0.00 ms.
Unloading 1113 Unused Serialized files (Serialized files now loaded: 0)
System memory in use before: 60.5 MB.
System memory in use after: 60.6 MB.

Unloading 5 unused Assets to reduce memory usage. Loaded Objects now: 1626.
Total: 3.820500 ms (FindLiveObjects: 0.358600 ms CreateObjectMapping: 0.106900 ms MarkObjects: 3.203500 ms  DeleteObjects: 0.148700 ms)

========================================================================
Received Prepare
Registering precompiled user dll's ...
Registered in 0.000709 seconds.
Begin MonoManager ReloadAssembly
Native extension for WindowsStandalone target not found
Refreshing native plugins compatible for Editor in 0.25 ms, found 0 plugins.
Preloading 0 native plugins for Editor in 0.00 ms.
Mono: successfully reloaded assembly
- Completed reload, in  1.227 seconds
Platform modules already initialized, skipping
Refreshing native plugins compatible for Editor in 0.45 ms, found 0 plugins.
Preloading 0 native plugins for Editor in 0.00 ms.
Unloading 1113 Unused Serialized files (Serialized files now loaded: 0)
System memory in use before: 60.5 MB.
System memory in use after: 60.6 MB.

Unloading 5 unused Assets to reduce memory usage. Loaded Objects now: 1629.
Total: 3.730800 ms (FindLiveObjects: 0.381000 ms CreateObjectMapping: 0.120600 ms MarkObjects: 3.142700 ms  DeleteObjects: 0.083700 ms)

========================================================================
Received Import Request.
  Time since last request: 3684.480650 seconds.
  path: Assets/Scripts/PathFinding.cs
  artifactKey: Guid(fa0e35e1c13b91844888aa28ad440e21) Importer(815301076,1909f56bfc062723c751e8b465ee728b)
Start importing Assets/Scripts/PathFinding.cs using Guid(fa0e35e1c13b91844888aa28ad440e21) Importer(815301076,1909f56bfc062723c751e8b465ee728b)  -> (artifact id: '988a6447b18203bceff06aa3274a67f6') in 0.071631 seconds
  Import took 0.109424 seconds .

========================================================================
Received Prepare
Registering precompiled user dll's ...
Registered in 0.001005 seconds.
Begin MonoManager ReloadAssembly
Native extension for WindowsStandalone target not found
Refreshing native plugins compatible for Editor in 0.38 ms, found 0 plugins.
Preloading 0 native plugins for Editor in 0.00 ms.
Mono: successfully reloaded assembly
- Completed reload, in  1.949 seconds
Platform modules already initialized, skipping
Refreshing native plugins compatible for Editor in 0.39 ms, found 0 plugins.
Preloading 0 native plugins for Editor in 0.00 ms.
Unloading 1113 Unused Serialized files (Serialized files now loaded: 0)
System memory in use before: 60.5 MB.
System memory in use after: 60.6 MB.

Unloading 5 unused Assets to reduce memory usage. Loaded Objects now: 1632.
Total: 3.630900 ms (FindLiveObjects: 0.299700 ms CreateObjectMapping: 0.196300 ms MarkObjects: 3.042700 ms  DeleteObjects: 0.090300 ms)

========================================================================
Received Prepare
Registering precompiled user dll's ...
Registered in 0.000710 seconds.
Begin MonoManager ReloadAssembly
Native extension for WindowsStandalone target not found
Refreshing native plugins compatible for Editor in 0.56 ms, found 0 plugins.
Preloading 0 native plugins for Editor in 0.00 ms.
Mono: successfully reloaded assembly
- Completed reload, in  1.270 seconds
Platform modules already initialized, skipping
Refreshing native plugins compatible for Editor in 0.29 ms, found 0 plugins.
Preloading 0 native plugins for Editor in 0.00 ms.
Unloading 1113 Unused Serialized files (Serialized files now loaded: 0)
System memory in use before: 60.6 MB.
System memory in use after: 60.6 MB.

Unloading 5 unused Assets to reduce memory usage. Loaded Objects now: 1635.
Total: 1.732300 ms (FindLiveObjects: 0.180700 ms CreateObjectMapping: 0.040000 ms MarkObjects: 1.456600 ms  DeleteObjects: 0.052800 ms)

========================================================================
Received Prepare
Registering precompiled user dll's ...
Registered in 0.001105 seconds.
Begin MonoManager ReloadAssembly
Native extension for WindowsStandalone target not found
Refreshing native plugins compatible for Editor in 0.33 ms, found 0 plugins.
Preloading 0 native plugins for Editor in 0.00 ms.
Mono: successfully reloaded assembly
- Completed reload, in  1.494 seconds
Platform modules already initialized, skipping
Refreshing native plugins compatible for Editor in 0.40 ms, found 0 plugins.
Preloading 0 native plugins for Editor in 0.00 ms.
Unloading 1113 Unused Serialized files (Serialized files now loaded: 0)
System memory in use before: 60.6 MB.
System memory in use after: 60.6 MB.

Unloading 5 unused Assets to reduce memory usage. Loaded Objects now: 1638.
Total: 2.304500 ms (FindLiveObjects: 0.192600 ms CreateObjectMapping: 0.047900 ms MarkObjects: 2.005200 ms  DeleteObjects: 0.056500 ms)

========================================================================
Received Prepare
Registering precompiled user dll's ...
Registered in 0.000993 seconds.
Begin MonoManager ReloadAssembly
Native extension for WindowsStandalone target not found
Refreshing native plugins compatible for Editor in 0.29 ms, found 0 plugins.
Preloading 0 native plugins for Editor in 0.00 ms.
Mono: successfully reloaded assembly
- Completed reload, in  2.038 seconds
Platform modules already initialized, skipping
Refreshing native plugins compatible for Editor in 0.61 ms, found 0 plugins.
Preloading 0 native plugins for Editor in 0.00 ms.
Unloading 1113 Unused Serialized files (Serialized files now loaded: 0)
System memory in use before: 60.6 MB.
System memory in use after: 60.6 MB.

Unloading 5 unused Assets to reduce memory usage. Loaded Objects now: 1641.
Total: 3.996800 ms (FindLiveObjects: 0.439900 ms CreateObjectMapping: 0.084700 ms MarkObjects: 3.356200 ms  DeleteObjects: 0.112000 ms)

AssetImportWorkerClient::OnTransportError - code=2 error=End of file
